1928 start_logger              154 ---- 2022/10/09 12:28:03.603 -------------------------------------------------
1928 start_logger              160 Host process is 'cmd.exe' (pid 6440)
1928 start_logger              164 DLL path is 'C:\Users\user\Downloads\cmder_mini\vendor\clink'
1928 start_logger              178 Windows version 10.0.19044 (x64)
1928 start_logger              181 Clink version 1.2.46.69fc92 (x64)
1928 hook_setter::hook_setter  156 >>> Started hook transaction.
1928 hook_setter::attach_iat   313 Attempting to hook SetEnvironmentVariableW in IAT for module 00007FF6E65D0000.
1928 pe_info::iterate_imports  160 Found import in 'api-ms-win-core-processenvironment-l1-1-0.dll'
1928 find_iat                  121 Found import at 00007FF6E6603860 (value is 00007FFA8F9CC540).
1928 hook_setter::attach_iat   313 Attempting to hook WriteConsoleW in IAT for module 00007FF6E65D0000.
1928 pe_info::iterate_imports  160 Found import in 'api-ms-win-core-console-l1-1-0.dll'
1928 find_iat                  121 Found import at 00007FF6E66034F8 (value is 00007FFA8F971630).
1928 hook_setter::attach_iat   313 Attempting to hook GetEnvironmentVariableW in IAT for module 00007FF6E65D0000.
1928 pe_info::iterate_imports  160 Found import in 'api-ms-win-core-processenvironment-l1-1-0.dll'
1928 find_iat                  121 Found import at 00007FF6E6603880 (value is 00007FFA8F98ABD0).
1928 hook_setter::commit       204 <<< Hook transaction committed.
1928 hook_setter::hook_setter  156 >>> Started hook transaction.
1928 hook_setter::detach_iat   356 Attempting to unhook 00007FFA5D35ADF0 from GetEnvironmentVariableW in IAT for module 00007FF6E65D0000.
1928 pe_info::iterate_imports  160 Found import in 'api-ms-win-core-processenvironment-l1-1-0.dll'
1928 find_iat                  121 Found import at 00007FF6E6603880 (value is 00007FFA5D35ADF0).
1928 hook_setter::commit       204 <<< Hook transaction committed.
1928 hook_setter::hook_setter  156 >>> Started hook transaction.
1928 hook_setter::attach_iat   313 Attempting to hook ReadConsoleW in IAT for module 00007FF6E65D0000.
1928 pe_info::iterate_imports  160 Found import in 'api-ms-win-core-console-l1-1-0.dll'
1928 find_iat                  121 Found import at 00007FF6E66034E0 (value is 00007FFA8FA62CE0).
1928 hook_setter::commit       204 <<< Hook transaction committed.
1928 win_screen_buffer::begin  227 Using native terminal support; found 'ConEmuHk64.dll'.
1928 reset_handle              145 resetting mismatched stdout handle
1928 extract_ctag              945 read 0 bytes
1928 extract_ctag              945 read 0 bytes
1928 history_db::initialise   1268 master bank ctag: |CTAG_1665286091_314635218_6440_0
1928 history_db::compact      1492 History:  0 active, 0 deleted
1928 history_db::compact      1492 History:  1 active, 0 deleted
1928 history_db::compact      1492 History:  2 active, 0 deleted
1928 reset_handle              145 resetting mismatched stdout handle
1928 history_db::compact      1492 History:  3 active, 0 deleted
1928 history_db::compact      1492 History:  4 active, 0 deleted
1928 history_db::compact      1492 History:  5 active, 0 deleted
1928 history_db::compact      1492 History:  6 active, 0 deleted
1928 reset_handle              145 resetting mismatched stdout handle
1928 history_db::compact      1492 History:  7 active, 0 deleted
1928 reset_handle              145 resetting mismatched stdout handle
1928 history_db::compact      1492 History:  8 active, 0 deleted
1928 history_db::compact      1492 History:  9 active, 0 deleted
1928 reset_handle              145 resetting mismatched stdout handle
1928 history_db::compact      1492 History:  10 active, 0 deleted
1928 history_db::compact      1492 History:  11 active, 0 deleted
1928 reset_handle              145 resetting mismatched stdout handle
1928 history_db::compact      1492 History:  12 active, 0 deleted
1928 history_db::compact      1492 History:  12 active, 1 deleted
1928 history_db::compact      1492 History:  12 active, 2 deleted
1928 history_db::compact      1492 History:  13 active, 2 deleted
1928 reset_handle              145 resetting mismatched stdout handle
1928 history_db::compact      1492 History:  14 active, 2 deleted
1928 reset_handle              145 resetting mismatched stdout handle
1928 history_db::compact      1492 History:  15 active, 2 deleted
1928 history_db::compact      1492 History:  15 active, 3 deleted
1928 reset_handle              145 resetting mismatched stdout handle
1928 history_db::compact      1492 History:  16 active, 3 deleted
1928 history_db::compact      1492 History:  17 active, 3 deleted
1928 history_db::compact      1492 History:  17 active, 4 deleted
1928 history_db::compact      1492 History:  18 active, 4 deleted
1928 history_db::compact      1492 History:  19 active, 4 deleted
1928 reset_handle              145 resetting mismatched stdout handle
1928 history_db::compact      1492 History:  20 active, 4 deleted
1928 reset_handle              145 resetting mismatched stdout handle
1928 history_db::compact      1492 History:  21 active, 4 deleted
1928 reset_handle              145 resetting mismatched stdout handle
1928 history_db::compact      1492 History:  22 active, 4 deleted
1928 history_db::compact      1492 History:  22 active, 5 deleted
1928 history_db::compact      1492 History:  23 active, 5 deleted
1928 reset_handle              145 resetting mismatched stdout handle
1928 history_db::compact      1492 History:  23 active, 6 deleted
1928 history_db::compact      1492 History:  24 active, 6 deleted
1928 history_db::compact      1492 History:  24 active, 7 deleted
1928 reset_handle              145 resetting mismatched stdout handle
1928 history_db::compact      1492 History:  25 active, 7 deleted
1928 history_db::compact      1492 History:  26 active, 7 deleted
1928 history_db::compact      1492 History:  26 active, 8 deleted
1928 reset_handle              145 resetting mismatched stdout handle
1928 history_db::compact      1492 History:  27 active, 8 deleted
1928 history_db::compact      1492 History:  27 active, 9 deleted
1928 reset_handle              145 resetting mismatched stdout handle
1928 history_db::compact      1492 History:  27 active, 10 deleted
1928 history_db::compact      1492 History:  27 active, 11 deleted
1928 reset_handle              145 resetting mismatched stdout handle
1928 history_db::compact      1492 History:  28 active, 11 deleted
1928 history_db::compact      1492 History:  28 active, 12 deleted
1928 history_db::compact      1492 History:  29 active, 12 deleted
1928 history_db::compact      1492 History:  29 active, 13 deleted
1928 history_db::compact      1492 History:  29 active, 14 deleted
1928 reset_handle              145 resetting mismatched stdout handle
1928 history_db::compact      1492 History:  30 active, 14 deleted
1928 history_db::compact      1492 History:  31 active, 14 deleted
1928 history_db::compact      1492 History:  31 active, 15 deleted
1928 history_db::compact      1492 History:  31 active, 16 deleted
1928 reset_handle              145 resetting mismatched stdout handle
1928 history_db::compact      1492 History:  32 active, 16 deleted
1928 reset_handle              145 resetting mismatched stdout handle
1928 history_db::compact      1492 History:  32 active, 17 deleted
1928 history_db::compact      1492 History:  33 active, 17 deleted
1928 history_db::compact      1492 History:  34 active, 17 deleted
1928 history_db::compact      1492 History:  35 active, 17 deleted
